<?xml version="1.0" encoding="UTF-8"?>
<testsuite xmlns:xsi="http://www.w3.org/2001/XMLSchema-instance" xsi:noNamespaceSchemaLocation="https://maven.apache.org/surefire/maven-surefire-plugin/xsd/surefire-test-report.xsd" name="com.clink.blog.ClinkBlogApplicationTests" time="23.838" tests="8" errors="0" skipped="0" failures="0">
  <properties>
[...]
</properties>
  <testcase name="give_NullContent_thenReturnFieldError" classname="com.clink.blog.ClinkBlogApplicationTests" time="0.609"/>
  <testcase name="given_InvalidArticle_thenReturnValidationError" classname="com.clink.blog.ClinkBlogApplicationTests" time="0.011"/>
  <testcase name="given_BiggerThan100Title_thenReturnValidationError" classname="com.clink.blog.ClinkBlogApplicationTests" time="1.449"/>
  <testcase name="given_UsingHaveAdminRole_thenOkResult" classname="com.clink.blog.ClinkBlogApplicationTests" time="0.472"/>
  <testcase name="given_InvalidDate_thenNoValidationError" classname="com.clink.blog.ClinkBlogApplicationTests" time="0.368"/>
  <testcase name="given_UsingHaveUserRole_thenAuthorizedException" classname="com.clink.blog.ClinkBlogApplicationTests" time="0.37"/>
  <testcase name="give_InvalidDateFormat_thenReturnFieldError" classname="com.clink.blog.ClinkBlogApplicationTests" time="0.009"/>
  <testcase name="give_BiggerThan100Title_thenReturnFieldError" classname="com.clink.blog.ClinkBlogApplicationTests" time="0.01"/>
</testsuite>